{"ts":"2025-09-10T18:24:21.559Z","type":"ERROR","message":"Strategy loop error","data":{"error":"nonce out of range"}}
{"ts":"2025-09-10T18:29:18.281Z","type":"ERROR","message":"Strategy loop error","data":{"error":"nonce out of range"}}
{"ts":"2025-09-10T18:45:12.410Z","type":"ERROR","message":"Strategy loop error","data":{"error":"nonce out of range"}}
{"ts":"2025-09-10T18:53:27.621Z","type":"ERROR","message":"Strategy loop error","data":{"error":"nonce out of range","consecutiveFailures":1}}
{"ts":"2025-09-10T19:02:03.154Z","type":"ERROR","message":"Strategy loop error","data":{"error":"nonce out of range","consecutiveFailures":1}}
{"ts":"2025-09-10T19:10:49.764Z","type":"ERROR","message":"Strategy loop error","data":{"error":"nonce out of range","consecutiveFailures":1}}
{"ts":"2025-09-10T19:15:41.605Z","type":"ERROR","message":"Strategy loop error","data":{"error":"nonce out of range","consecutiveFailures":1}}
{"ts":"2025-09-10T19:23:36.815Z","type":"ERROR","message":"Strategy loop error","data":{"error":"nonce out of range","consecutiveFailures":1}}
{"ts":"2025-09-10T20:02:00.853Z","type":"ERROR","message":"Strategy loop error","data":{"error":"nonce out of range","consecutiveFailures":1}}
{"ts":"2025-09-10T20:07:13.993Z","type":"ERROR","message":"Strategy loop error","data":{"error":"nonce out of range","consecutiveFailures":1}}
{"ts":"2025-09-10T20:24:50.161Z","type":"ERROR","message":"Strategy loop error","data":{"error":"nonce out of range","consecutiveFailures":1}}
{"ts":"2025-09-10T20:48:12.089Z","type":"ERROR","message":"Strategy loop error","data":{"error":"nonce out of range","consecutiveFailures":1}}
{"ts":"2025-09-10T21:47:04.117Z","type":"ERROR","message":"Strategy loop error","data":{"error":"nonce out of range","consecutiveFailures":1}}
{"ts":"2025-09-10T21:48:37.760Z","type":"ORDER","message":"Initial entry (simulated)","data":{"size":0.00029823,"price":16765300}}
{"ts":"2025-09-10T21:55:21.681Z","type":"ORDER","message":"Submit limit","data":{"requestId":"1757541321681-9anq0v","currency_pair":"btc_jpy","side":"bid","limitPrice":1000000,"amount":0.001,"timeoutMs":15000,"retry":false,"snapshot":"none"}}
{"ts":"2025-09-10T21:55:21.684Z","type":"SIGNAL","message":"fill_match_method=heuristic requestId=1757541321681-9anq0v"}
{"ts":"2025-09-10T21:55:21.686Z","type":"ERROR","message":"Order missing from active list; marking CANCELLED","data":{"requestId":"1757541321681-9anq0v","orderId":1,"filledAmt":0}}
{"ts":"2025-09-10T21:55:21.687Z","type":"ORDER","message":"Submit limit","data":{"requestId":"1757541321687-w7cr27","currency_pair":"btc_jpy","side":"bid","limitPrice":1002000,"amount":0.001,"timeoutMs":15000,"retry":true,"snapshot":"none"}}
{"ts":"2025-09-10T21:55:21.692Z","type":"SIGNAL","message":"fill_match_method=heuristic requestId=1757541321687-w7cr27"}
{"ts":"2025-09-10T21:55:21.692Z","type":"ERROR","message":"Order missing from active list; marking CANCELLED","data":{"requestId":"1757541321687-w7cr27","orderId":1,"filledAmt":0}}
{"ts":"2025-09-10T21:55:21.695Z","type":"ORDER","message":"Submit limit","data":{"requestId":"1757541321695-s9rue7","currency_pair":"btc_jpy","side":"ask","limitPrice":1000000,"amount":0.001,"timeoutMs":15000,"retry":false,"snapshot":"none"}}
{"ts":"2025-09-10T21:55:21.698Z","type":"SIGNAL","message":"fill_match_method=heuristic requestId=1757541321695-s9rue7"}
{"ts":"2025-09-10T21:55:21.699Z","type":"ERROR","message":"Order missing from active list; marking CANCELLED","data":{"requestId":"1757541321695-s9rue7","orderId":1,"filledAmt":0}}
{"ts":"2025-09-10T21:55:21.700Z","type":"ORDER","message":"Submit limit","data":{"requestId":"1757541321700-67d1w8","currency_pair":"btc_jpy","side":"ask","limitPrice":998000,"amount":0.001,"timeoutMs":15000,"retry":true,"snapshot":"none"}}
{"ts":"2025-09-10T21:55:21.702Z","type":"SIGNAL","message":"fill_match_method=heuristic requestId=1757541321700-67d1w8"}
{"ts":"2025-09-10T21:55:21.703Z","type":"ERROR","message":"Order missing from active list; marking CANCELLED","data":{"requestId":"1757541321700-67d1w8","orderId":1,"filledAmt":0}}
{"ts":"2025-09-10T22:02:44.032Z","type":"ORDER","message":"Submit limit","data":{"requestId":"1757541764032-g4isw6","currency_pair":"btc_jpy","side":"bid","limitPrice":1000000,"amount":0.001,"timeoutMs":15000,"retry":false,"snapshot":"none"}}
{"ts":"2025-09-10T22:02:59.280Z","type":"ORDER","message":"Submit limit","data":{"requestId":"1757541779280-mg1tqi","currency_pair":"btc_jpy","side":"bid","limitPrice":1002000,"amount":0.001,"timeoutMs":15000,"retry":true,"snapshot":"none"}}
{"ts":"2025-09-10T22:03:14.556Z","type":"ORDER","message":"Submit limit","data":{"requestId":"1757541794556-cl165g","currency_pair":"btc_jpy","side":"ask","limitPrice":1000000,"amount":0.001,"timeoutMs":15000,"retry":false,"snapshot":"none"}}
{"ts":"2025-09-10T22:03:29.823Z","type":"ORDER","message":"Submit limit","data":{"requestId":"1757541809822-f4y13i","currency_pair":"btc_jpy","side":"ask","limitPrice":998000,"amount":0.001,"timeoutMs":15000,"retry":true,"snapshot":"none"}}
{"ts":"2025-09-10T22:07:30.490Z","type":"ORDER","message":"Submit limit","data":{"requestId":"1757542050490-2ctetw","currency_pair":"btc_jpy","side":"bid","limitPrice":1000000,"amount":0.001,"timeoutMs":15000,"retry":false,"snapshot":"none"}}
{"ts":"2025-09-10T22:07:45.754Z","type":"ORDER","message":"Submit limit","data":{"requestId":"1757542065754-9hosbu","currency_pair":"btc_jpy","side":"bid","limitPrice":1002000,"amount":0.001,"timeoutMs":15000,"retry":true,"snapshot":"none"}}
{"ts":"2025-09-10T22:08:01.016Z","type":"ORDER","message":"Submit limit","data":{"requestId":"1757542081016-4e97sc","currency_pair":"btc_jpy","side":"ask","limitPrice":1000000,"amount":0.001,"timeoutMs":15000,"retry":false,"snapshot":"none"}}
{"ts":"2025-09-10T22:08:16.279Z","type":"ORDER","message":"Submit limit","data":{"requestId":"1757542096279-7lkwzf","currency_pair":"btc_jpy","side":"ask","limitPrice":998000,"amount":0.001,"timeoutMs":15000,"retry":true,"snapshot":"none"}}
{"ts":"2025-09-10T22:14:27.817Z","type":"ORDER","message":"Submit limit","data":{"requestId":"1757542467817-w6wrge","currency_pair":"btc_jpy","side":"bid","limitPrice":1000000,"amount":0.001,"timeoutMs":15000,"retry":false,"snapshot":"none"}}
{"ts":"2025-09-10T22:14:30.621Z","type":"SIGNAL","message":"poll_cycle side=bid retries=10"}
{"ts":"2025-09-10T22:14:33.733Z","type":"SIGNAL","message":"poll_cycle side=bid retries=20"}
{"ts":"2025-09-10T22:14:36.847Z","type":"SIGNAL","message":"poll_cycle side=bid retries=30"}
{"ts":"2025-09-10T22:14:39.960Z","type":"SIGNAL","message":"poll_cycle side=bid retries=40"}
{"ts":"2025-09-10T22:14:43.082Z","type":"ORDER","message":"Submit limit","data":{"requestId":"1757542483082-q5kek3","currency_pair":"btc_jpy","side":"bid","limitPrice":1002000,"amount":0.001,"timeoutMs":15000,"retry":true,"snapshot":"none"}}
{"ts":"2025-09-10T22:14:45.884Z","type":"SIGNAL","message":"poll_cycle_retry side=bid retries=60"}
{"ts":"2025-09-10T22:14:49.000Z","type":"SIGNAL","message":"poll_cycle_retry side=bid retries=70"}
{"ts":"2025-09-10T22:14:52.111Z","type":"SIGNAL","message":"poll_cycle_retry side=bid retries=80"}
{"ts":"2025-09-10T22:14:55.228Z","type":"SIGNAL","message":"poll_cycle_retry side=bid retries=90"}
{"ts":"2025-09-10T22:14:58.349Z","type":"ORDER","message":"Submit limit","data":{"requestId":"1757542498349-9qv0ol","currency_pair":"btc_jpy","side":"ask","limitPrice":1000000,"amount":0.001,"timeoutMs":15000,"retry":false,"snapshot":"none"}}
{"ts":"2025-09-10T22:15:01.151Z","type":"SIGNAL","message":"poll_cycle side=ask retries=10"}
{"ts":"2025-09-10T22:15:04.265Z","type":"SIGNAL","message":"poll_cycle side=ask retries=20"}
{"ts":"2025-09-10T22:15:07.385Z","type":"SIGNAL","message":"poll_cycle side=ask retries=30"}
{"ts":"2025-09-10T22:15:10.497Z","type":"SIGNAL","message":"poll_cycle side=ask retries=40"}
{"ts":"2025-09-10T22:15:13.611Z","type":"ORDER","message":"Submit limit","data":{"requestId":"1757542513611-uzd2ds","currency_pair":"btc_jpy","side":"ask","limitPrice":998000,"amount":0.001,"timeoutMs":15000,"retry":true,"snapshot":"none"}}
{"ts":"2025-09-10T22:15:16.419Z","type":"SIGNAL","message":"poll_cycle_retry side=ask retries=60"}
{"ts":"2025-09-10T22:15:19.525Z","type":"SIGNAL","message":"poll_cycle_retry side=ask retries=70"}
{"ts":"2025-09-10T22:15:22.645Z","type":"SIGNAL","message":"poll_cycle_retry side=ask retries=80"}
{"ts":"2025-09-10T22:15:25.760Z","type":"SIGNAL","message":"poll_cycle_retry side=ask retries=90"}
{"ts":"2025-09-10T22:17:00.976Z","type":"ORDER","message":"Submit limit","data":{"requestId":"1757542620976-6pitoq","currency_pair":"btc_jpy","side":"bid","limitPrice":1000000,"amount":0.001,"timeoutMs":15000,"retry":false,"snapshot":"none"}}
{"ts":"2025-09-10T22:17:03.770Z","type":"SIGNAL","message":"poll_cycle side=bid retries=10"}
{"ts":"2025-09-10T22:17:06.868Z","type":"SIGNAL","message":"poll_cycle side=bid retries=20"}
{"ts":"2025-09-10T22:17:09.991Z","type":"SIGNAL","message":"poll_cycle side=bid retries=30"}
{"ts":"2025-09-10T22:17:13.104Z","type":"SIGNAL","message":"poll_cycle side=bid retries=40"}
{"ts":"2025-09-10T22:17:16.218Z","type":"ORDER","message":"Submit limit","data":{"requestId":"1757542636218-9mhd6a","currency_pair":"btc_jpy","side":"bid","limitPrice":1002000,"amount":0.001,"timeoutMs":15000,"retry":true,"snapshot":"none"}}
{"ts":"2025-09-10T22:17:19.023Z","type":"SIGNAL","message":"poll_cycle_retry side=bid retries=60"}
{"ts":"2025-09-10T22:17:22.136Z","type":"SIGNAL","message":"poll_cycle_retry side=bid retries=70"}
{"ts":"2025-09-10T22:17:25.250Z","type":"SIGNAL","message":"poll_cycle_retry side=bid retries=80"}
{"ts":"2025-09-10T22:17:28.363Z","type":"SIGNAL","message":"poll_cycle_retry side=bid retries=90"}
{"ts":"2025-09-10T22:17:31.472Z","type":"ORDER","message":"Submit limit","data":{"requestId":"1757542651472-9qbyiz","currency_pair":"btc_jpy","side":"ask","limitPrice":1000000,"amount":0.001,"timeoutMs":15000,"retry":false,"snapshot":"none"}}
{"ts":"2025-09-10T22:17:34.271Z","type":"SIGNAL","message":"poll_cycle side=ask retries=10"}
{"ts":"2025-09-10T22:17:37.389Z","type":"SIGNAL","message":"poll_cycle side=ask retries=20"}
{"ts":"2025-09-10T22:17:40.506Z","type":"SIGNAL","message":"poll_cycle side=ask retries=30"}
{"ts":"2025-09-10T22:17:43.616Z","type":"SIGNAL","message":"poll_cycle side=ask retries=40"}
{"ts":"2025-09-10T22:17:46.726Z","type":"ORDER","message":"Submit limit","data":{"requestId":"1757542666726-exocmc","currency_pair":"btc_jpy","side":"ask","limitPrice":998000,"amount":0.001,"timeoutMs":15000,"retry":true,"snapshot":"none"}}
{"ts":"2025-09-10T22:17:49.524Z","type":"SIGNAL","message":"poll_cycle_retry side=ask retries=60"}
{"ts":"2025-09-10T22:17:52.636Z","type":"SIGNAL","message":"poll_cycle_retry side=ask retries=70"}
{"ts":"2025-09-10T22:17:55.749Z","type":"SIGNAL","message":"poll_cycle_retry side=ask retries=80"}
{"ts":"2025-09-10T22:17:58.857Z","type":"SIGNAL","message":"poll_cycle_retry side=ask retries=90"}
{"ts":"2025-09-10T22:24:00.244Z","type":"ORDER","message":"Submit limit","data":{"requestId":"1757543040244-biigzk","currency_pair":"btc_jpy","side":"bid","limitPrice":1000000,"amount":0.001,"timeoutMs":15000,"retry":false,"snapshot":"none"}}
{"ts":"2025-09-10T22:24:03.049Z","type":"SIGNAL","message":"poll_cycle side=bid retries=10"}
{"ts":"2025-09-10T22:24:06.158Z","type":"SIGNAL","message":"poll_cycle side=bid retries=20"}
{"ts":"2025-09-10T22:24:09.276Z","type":"SIGNAL","message":"poll_cycle side=bid retries=30"}
{"ts":"2025-09-10T22:24:12.389Z","type":"SIGNAL","message":"poll_cycle side=bid retries=40"}
{"ts":"2025-09-10T22:24:15.507Z","type":"ORDER","message":"Submit limit","data":{"requestId":"1757543055507-bzwl06","currency_pair":"btc_jpy","side":"bid","limitPrice":1002000,"amount":0.001,"timeoutMs":15000,"retry":true,"snapshot":"none"}}
{"ts":"2025-09-10T22:24:18.304Z","type":"SIGNAL","message":"poll_cycle_retry side=bid retries=60"}
{"ts":"2025-09-10T22:24:21.426Z","type":"SIGNAL","message":"poll_cycle_retry side=bid retries=70"}
{"ts":"2025-09-10T22:24:24.541Z","type":"SIGNAL","message":"poll_cycle_retry side=bid retries=80"}
{"ts":"2025-09-10T22:24:27.654Z","type":"SIGNAL","message":"poll_cycle_retry side=bid retries=90"}
{"ts":"2025-09-10T22:24:30.771Z","type":"ORDER","message":"Submit limit","data":{"requestId":"1757543070771-hnw4lh","currency_pair":"btc_jpy","side":"ask","limitPrice":1000000,"amount":0.001,"timeoutMs":15000,"retry":false,"snapshot":"none"}}
{"ts":"2025-09-10T22:24:33.583Z","type":"SIGNAL","message":"poll_cycle side=ask retries=10"}
{"ts":"2025-09-10T22:24:36.696Z","type":"SIGNAL","message":"poll_cycle side=ask retries=20"}
{"ts":"2025-09-10T22:24:39.813Z","type":"SIGNAL","message":"poll_cycle side=ask retries=30"}
{"ts":"2025-09-10T22:24:42.932Z","type":"SIGNAL","message":"poll_cycle side=ask retries=40"}
{"ts":"2025-09-10T22:24:46.045Z","type":"ORDER","message":"Submit limit","data":{"requestId":"1757543086045-olyijc","currency_pair":"btc_jpy","side":"ask","limitPrice":998000,"amount":0.001,"timeoutMs":15000,"retry":true,"snapshot":"none"}}
{"ts":"2025-09-10T22:24:48.850Z","type":"SIGNAL","message":"poll_cycle_retry side=ask retries=60"}
{"ts":"2025-09-10T22:24:51.970Z","type":"SIGNAL","message":"poll_cycle_retry side=ask retries=70"}
{"ts":"2025-09-10T22:24:55.083Z","type":"SIGNAL","message":"poll_cycle_retry side=ask retries=80"}
{"ts":"2025-09-10T22:24:58.196Z","type":"SIGNAL","message":"poll_cycle_retry side=ask retries=90"}
{"ts":"2025-09-10T22:31:46.781Z","type":"SIGNAL","message":"poll_cycle side=bid retries=10"}
{"ts":"2025-09-10T22:31:49.901Z","type":"SIGNAL","message":"poll_cycle side=bid retries=20"}
{"ts":"2025-09-10T22:31:53.009Z","type":"SIGNAL","message":"poll_cycle side=bid retries=30"}
{"ts":"2025-09-10T22:31:56.126Z","type":"SIGNAL","message":"poll_cycle side=bid retries=40"}
{"ts":"2025-09-10T22:32:02.044Z","type":"SIGNAL","message":"poll_cycle_retry side=bid retries=60"}
{"ts":"2025-09-10T22:32:05.160Z","type":"SIGNAL","message":"poll_cycle_retry side=bid retries=70"}
{"ts":"2025-09-10T22:32:08.279Z","type":"SIGNAL","message":"poll_cycle_retry side=bid retries=80"}
{"ts":"2025-09-10T22:32:11.408Z","type":"SIGNAL","message":"poll_cycle_retry side=bid retries=90"}
{"ts":"2025-09-10T22:32:17.315Z","type":"SIGNAL","message":"poll_cycle side=ask retries=10"}
{"ts":"2025-09-10T22:32:20.434Z","type":"SIGNAL","message":"poll_cycle side=ask retries=20"}
{"ts":"2025-09-10T22:32:23.555Z","type":"SIGNAL","message":"poll_cycle side=ask retries=30"}
{"ts":"2025-09-10T22:32:26.668Z","type":"SIGNAL","message":"poll_cycle side=ask retries=40"}
{"ts":"2025-09-10T22:32:32.579Z","type":"SIGNAL","message":"poll_cycle_retry side=ask retries=60"}
{"ts":"2025-09-10T22:32:35.688Z","type":"SIGNAL","message":"poll_cycle_retry side=ask retries=70"}
{"ts":"2025-09-10T22:32:38.796Z","type":"SIGNAL","message":"poll_cycle_retry side=ask retries=80"}
{"ts":"2025-09-10T22:32:41.914Z","type":"SIGNAL","message":"poll_cycle_retry side=ask retries=90"}
{"ts":"2025-09-10T22:40:42.292Z","type":"SIGNAL","message":"[SUBMIT]","data":{"requestId":"1757544042291-bmss9a","orderId":"1","side":"BUY","price":1000000,"amount":0.001}}
{"ts":"2025-09-10T22:40:44.469Z","type":"SIGNAL","message":"[SUBMIT]","data":{"requestId":"1757544042291-bmss9a","orderId":"1","improved":true,"price":1002000,"amount":0.001}}
{"ts":"2025-09-10T22:40:46.961Z","type":"SIGNAL","message":"[SUBMIT]","data":{"requestId":"1757544046960-klj131","orderId":"1","side":"SELL","price":1000000,"amount":0.001}}
{"ts":"2025-09-10T22:40:49.144Z","type":"SIGNAL","message":"[SUBMIT]","data":{"requestId":"1757544046960-klj131","orderId":"1","improved":true,"price":998000,"amount":0.001}}
{"ts":"2025-09-10T22:44:40.687Z","type":"SIGNAL","message":"[SUBMIT]","data":{"requestId":"1757544280686-1uoyip","orderId":"1","side":"BUY","price":1000000,"amount":0.001}}
{"ts":"2025-09-10T22:44:42.865Z","type":"SIGNAL","message":"[SUBMIT]","data":{"requestId":"1757544280686-1uoyip","orderId":"1","improved":true,"price":1002000,"amount":0.001}}
{"ts":"2025-09-10T22:44:45.374Z","type":"SIGNAL","message":"[SUBMIT]","data":{"requestId":"1757544285374-7zlrtp","orderId":"1","side":"SELL","price":1000000,"amount":0.001}}
{"ts":"2025-09-10T22:44:47.556Z","type":"SIGNAL","message":"[SUBMIT]","data":{"requestId":"1757544285374-7zlrtp","orderId":"1","improved":true,"price":998000,"amount":0.001}}
{"ts":"2025-09-10T22:47:34.306Z","type":"SIGNAL","message":"[SUBMIT]","data":{"requestId":"1757544454305-bb9x5w","orderId":"1","side":"BUY","price":1000000,"amount":0.001}}
{"ts":"2025-09-10T22:47:34.307Z","type":"SIGNAL","message":"[POLL0]","data":{"orderId":"1","openCount":0,"openAmtById":null,"histQtyById":0}}
{"ts":"2025-09-10T22:47:36.489Z","type":"SIGNAL","message":"[SUBMIT]","data":{"requestId":"1757544454305-bb9x5w","orderId":"1","improved":true,"price":1002000,"amount":0.001}}
{"ts":"2025-09-10T22:47:36.491Z","type":"SIGNAL","message":"[POLL0]","data":{"orderId":"1","openCount":0,"openAmtById":null,"histQtyById":0}}
{"ts":"2025-09-10T22:47:38.981Z","type":"SIGNAL","message":"[SUBMIT]","data":{"requestId":"1757544458981-p75usy","orderId":"1","side":"SELL","price":1000000,"amount":0.001}}
{"ts":"2025-09-10T22:47:38.983Z","type":"SIGNAL","message":"[POLL0]","data":{"orderId":"1","openCount":0,"openAmtById":null,"histQtyById":0}}
{"ts":"2025-09-10T22:47:41.163Z","type":"SIGNAL","message":"[SUBMIT]","data":{"requestId":"1757544458981-p75usy","orderId":"1","improved":true,"price":998000,"amount":0.001}}
{"ts":"2025-09-10T22:47:41.164Z","type":"SIGNAL","message":"[POLL0]","data":{"orderId":"1","openCount":0,"openAmtById":null,"histQtyById":0}}
{"ts":"2025-09-10T23:12:48.520Z","type":"SIGNAL","message":"[SUBMIT]","data":{"requestId":"1757545968516-rvni8w","orderId":"2","side":"BUY","price":1000000,"amount":0.001}}
{"ts":"2025-09-10T23:12:48.524Z","type":"SIGNAL","message":"[POLL0]","data":{"orderId":"2","openCount":2,"openAmtById":0.0005,"histQtyById":0.0005}}
{"ts":"2025-09-10T23:12:50.705Z","type":"SIGNAL","message":"[SUBMIT]","data":{"requestId":"1757545968516-rvni8w","orderId":"3","improved":true,"price":1002000,"amount":0.001}}
{"ts":"2025-09-10T23:12:50.708Z","type":"SIGNAL","message":"[POLL0]","data":{"orderId":"3","openCount":2,"openAmtById":0.0005,"histQtyById":0.0005}}
{"ts":"2025-09-10T23:12:53.196Z","type":"SIGNAL","message":"[SUBMIT]","data":{"requestId":"1757545973189-tspnrt","orderId":"4","side":"SELL","price":1000000,"amount":0.0005}}
{"ts":"2025-09-10T23:12:53.201Z","type":"SIGNAL","message":"[POLL0]","data":{"orderId":"4","openCount":3,"openAmtById":0.00025,"histQtyById":0.00025}}
{"ts":"2025-09-10T23:12:55.384Z","type":"SIGNAL","message":"[SUBMIT]","data":{"requestId":"1757545973189-tspnrt","orderId":"5","improved":true,"price":998000,"amount":0.0005}}
{"ts":"2025-09-10T23:12:55.387Z","type":"SIGNAL","message":"[POLL0]","data":{"orderId":"5","openCount":3,"openAmtById":0.00025,"histQtyById":0.00025}}
