{"ts":"2025-09-13T17:14:14.572Z","type":"INFO","message":"Position fully closed","data":{"pair":"btc_jpy"}}
{"ts":"2025-09-13T17:16:07.485Z","type":"INFO","message":"Position fully closed","data":{"pair":"btc_jpy"}}
{"ts":"2025-09-13T17:19:16.878Z","type":"INFO","message":"Position fully closed","data":{"pair":"btc_jpy"}}
{"ts":"2025-09-13T17:20:23.200Z","type":"INFO","message":"Position fully closed","data":{"pair":"btc_jpy"}}
{"ts":"2025-09-13T17:29:06.611Z","type":"SIGNAL","message":"[SUBMIT]","data":{"requestId":"1757784546609-jbincl","orderId":"ORDER1","side":"SELL","price":100,"amount":0.1}}
{"ts":"2025-09-13T17:29:06.625Z","type":"SIGNAL","message":"[POLL0]","data":{"orderId":"ORDER1","openCount":1,"openAmtById":0.1,"histQtyById":0.02}}
{"ts":"2025-09-13T17:29:06.698Z","type":"SIGNAL","message":"[SUBMIT]","data":{"requestId":"1757784546609-jbincl","orderId":"ORDER2","improved":true,"price":99.9,"amount":0.1}}
{"ts":"2025-09-13T17:29:06.708Z","type":"SIGNAL","message":"[POLL0]","data":{"orderId":"ORDER2","openCount":0,"openAmtById":null,"histQtyById":0.1}}
{"ts":"2025-09-13T17:29:07.167Z","type":"SIGNAL","message":"[SIGNAL][mode=SELL] SELL entry condition met"}
{"ts":"2025-09-13T17:29:07.380Z","type":"INFO","message":"Position fully closed","data":{"pair":"btc_jpy"}}
{"ts":"2025-09-13T17:29:07.411Z","type":"SIGNAL","message":"fill_match_method=order_id requestId=r"}
{"ts":"2025-09-13T17:29:07.412Z","type":"EXECUTION","message":"Order filled","data":{"requestId":"r","orderId":123,"filledAmt":0.1,"avg":100}}
{"ts":"2025-09-13T17:29:07.414Z","type":"INFO","message":"Position fully closed","data":{"pair":"btc_jpy"}}
{"ts":"2025-09-13T17:29:09.788Z","type":"INFO","message":"Position fully closed","data":{"pair":"btc_jpy"}}
{"ts":"2025-09-13T17:29:59.089Z","type":"SIGNAL","message":"[SUBMIT]","data":{"requestId":"1757784599088-nsxj7j","orderId":"ORDER1","side":"SELL","price":100,"amount":0.1}}
{"ts":"2025-09-13T17:29:59.091Z","type":"SIGNAL","message":"[POLL0]","data":{"orderId":"ORDER1","openCount":1,"openAmtById":0.1,"histQtyById":0.02}}
{"ts":"2025-09-13T17:29:59.167Z","type":"SIGNAL","message":"[SUBMIT]","data":{"requestId":"1757784599088-nsxj7j","orderId":"ORDER2","improved":true,"price":99.9,"amount":0.1}}
{"ts":"2025-09-13T17:29:59.169Z","type":"SIGNAL","message":"[POLL0]","data":{"orderId":"ORDER2","openCount":0,"openAmtById":null,"histQtyById":0.1}}
{"ts":"2025-09-13T17:29:59.746Z","type":"INFO","message":"Position fully closed","data":{"pair":"btc_jpy"}}
{"ts":"2025-09-13T17:29:59.776Z","type":"SIGNAL","message":"fill_match_method=order_id requestId=r"}
{"ts":"2025-09-13T17:29:59.777Z","type":"EXECUTION","message":"Order filled","data":{"requestId":"r","orderId":123,"filledAmt":0.1,"avg":100}}
{"ts":"2025-09-13T17:29:59.779Z","type":"INFO","message":"Position fully closed","data":{"pair":"btc_jpy"}}
{"ts":"2025-09-13T17:30:01.833Z","type":"INFO","message":"Position fully closed","data":{"pair":"btc_jpy"}}
{"ts":"2025-09-13T17:30:02.263Z","type":"ERROR","message":"Failed to read position store","data":{"error":"Unexpected end of JSON input"}}
{"ts":"2025-09-13T17:31:34.914Z","type":"SIGNAL","message":"[SUBMIT]","data":{"requestId":"1757784694913-n73l5z","orderId":"ORDER1","side":"SELL","price":100,"amount":0.1}}
{"ts":"2025-09-13T17:31:34.917Z","type":"SIGNAL","message":"[POLL0]","data":{"orderId":"ORDER1","openCount":1,"openAmtById":0.1,"histQtyById":0.02}}
{"ts":"2025-09-13T17:31:34.986Z","type":"SIGNAL","message":"[SUBMIT]","data":{"requestId":"1757784694913-n73l5z","orderId":"ORDER2","improved":true,"price":99.9,"amount":0.1}}
{"ts":"2025-09-13T17:31:34.988Z","type":"SIGNAL","message":"[POLL0]","data":{"orderId":"ORDER2","openCount":0,"openAmtById":null,"histQtyById":0.1}}
{"ts":"2025-09-13T17:31:35.496Z","type":"INFO","message":"Position fully closed","data":{"pair":"btc_jpy"}}
{"ts":"2025-09-13T17:31:35.525Z","type":"SIGNAL","message":"fill_match_method=order_id requestId=r"}
{"ts":"2025-09-13T17:31:35.526Z","type":"EXECUTION","message":"Order filled","data":{"requestId":"r","orderId":123,"filledAmt":0.1,"avg":100}}
{"ts":"2025-09-13T17:31:35.529Z","type":"INFO","message":"Position fully closed","data":{"pair":"btc_jpy"}}
{"ts":"2025-09-13T17:31:35.543Z","type":"SIGNAL","message":"fill_match_method=heuristic requestId=r2"}
{"ts":"2025-09-13T17:31:35.544Z","type":"ERROR","message":"Order missing from active list; marking CANCELLED","data":{"requestId":"r2","orderId":999,"filledAmt":0}}
{"ts":"2025-09-13T17:31:37.548Z","type":"INFO","message":"Position fully closed","data":{"pair":"btc_jpy"}}
{"ts":"2025-09-13T17:32:39.217Z","type":"SIGNAL","message":"[SUBMIT]","data":{"requestId":"1757784759214-cn9qd5","orderId":"ORDER1","side":"SELL","price":100,"amount":0.1}}
{"ts":"2025-09-13T17:32:39.220Z","type":"SIGNAL","message":"[POLL0]","data":{"orderId":"ORDER1","openCount":1,"openAmtById":0.1,"histQtyById":0.02}}
{"ts":"2025-09-13T17:32:39.287Z","type":"SIGNAL","message":"[SUBMIT]","data":{"requestId":"1757784759214-cn9qd5","orderId":"ORDER2","improved":true,"price":99.9,"amount":0.1}}
{"ts":"2025-09-13T17:32:39.293Z","type":"SIGNAL","message":"[POLL0]","data":{"orderId":"ORDER2","openCount":0,"openAmtById":null,"histQtyById":0.1}}
{"ts":"2025-09-13T17:32:39.929Z","type":"INFO","message":"Position fully closed","data":{"pair":"btc_jpy"}}
{"ts":"2025-09-13T17:32:39.958Z","type":"SIGNAL","message":"fill_match_method=order_id requestId=r"}
{"ts":"2025-09-13T17:32:39.960Z","type":"EXECUTION","message":"Order filled","data":{"requestId":"r","orderId":123,"filledAmt":0.1,"avg":100}}
{"ts":"2025-09-13T17:32:39.961Z","type":"INFO","message":"Position fully closed","data":{"pair":"btc_jpy"}}
{"ts":"2025-09-13T17:32:39.971Z","type":"SIGNAL","message":"fill_match_method=heuristic requestId=r2"}
{"ts":"2025-09-13T17:32:39.977Z","type":"ERROR","message":"Order missing from active list; marking CANCELLED","data":{"requestId":"r2","orderId":999,"filledAmt":0}}
{"ts":"2025-09-13T17:32:41.866Z","type":"INFO","message":"Position fully closed","data":{"pair":"btc_jpy"}}
{"ts":"2025-09-13T17:36:55.987Z","type":"SIGNAL","message":"[SUBMIT]","data":{"requestId":"1757785015986-26ziak","orderId":"ORDER1","side":"SELL","price":100,"amount":0.1}}
{"ts":"2025-09-13T17:36:55.992Z","type":"SIGNAL","message":"[POLL0]","data":{"orderId":"ORDER1","openCount":1,"openAmtById":0.1,"histQtyById":0.02}}
{"ts":"2025-09-13T17:36:56.059Z","type":"SIGNAL","message":"[SUBMIT]","data":{"requestId":"1757785015986-26ziak","orderId":"ORDER2","improved":true,"price":99.9,"amount":0.1}}
{"ts":"2025-09-13T17:36:56.060Z","type":"SIGNAL","message":"[POLL0]","data":{"orderId":"ORDER2","openCount":0,"openAmtById":null,"histQtyById":0.1}}
{"ts":"2025-09-13T17:36:56.480Z","type":"SIGNAL","message":"[SIGNAL][mode=BUY] BUY entry condition met"}
{"ts":"2025-09-13T17:36:57.267Z","type":"INFO","message":"Position fully closed","data":{"pair":"btc_jpy"}}
{"ts":"2025-09-13T17:36:57.294Z","type":"SIGNAL","message":"fill_match_method=order_id requestId=r"}
{"ts":"2025-09-13T17:36:57.295Z","type":"EXECUTION","message":"Order filled","data":{"requestId":"r","orderId":123,"filledAmt":0.1,"avg":100}}
{"ts":"2025-09-13T17:36:57.297Z","type":"INFO","message":"Position fully closed","data":{"pair":"btc_jpy"}}
{"ts":"2025-09-13T17:36:57.309Z","type":"SIGNAL","message":"fill_match_method=heuristic requestId=r2"}
{"ts":"2025-09-13T17:36:57.310Z","type":"ERROR","message":"Order missing from active list; marking CANCELLED","data":{"requestId":"r2","orderId":999,"filledAmt":0}}
{"ts":"2025-09-13T17:36:58.791Z","type":"INFO","message":"Position fully closed","data":{"pair":"btc_jpy"}}
{"ts":"2025-09-13T17:37:47.751Z","type":"SIGNAL","message":"[SUBMIT]","data":{"requestId":"1757785067750-j7ebms","orderId":"ORDER1","side":"SELL","price":100,"amount":0.1}}
{"ts":"2025-09-13T17:37:47.753Z","type":"SIGNAL","message":"[POLL0]","data":{"orderId":"ORDER1","openCount":1,"openAmtById":0.1,"histQtyById":0.02}}
{"ts":"2025-09-13T17:37:47.825Z","type":"SIGNAL","message":"[SUBMIT]","data":{"requestId":"1757785067750-j7ebms","orderId":"ORDER2","improved":true,"price":99.9,"amount":0.1}}
{"ts":"2025-09-13T17:37:47.827Z","type":"SIGNAL","message":"[POLL0]","data":{"orderId":"ORDER2","openCount":0,"openAmtById":null,"histQtyById":0.1}}
{"ts":"2025-09-13T17:37:48.112Z","type":"SIGNAL","message":"[SIGNAL][mode=BUY] BUY entry condition met"}
{"ts":"2025-09-13T17:37:49.196Z","type":"INFO","message":"Position fully closed","data":{"pair":"btc_jpy"}}
{"ts":"2025-09-13T17:37:49.242Z","type":"SIGNAL","message":"fill_match_method=order_id requestId=r"}
{"ts":"2025-09-13T17:37:49.243Z","type":"EXECUTION","message":"Order filled","data":{"requestId":"r","orderId":123,"filledAmt":0.1,"avg":100}}
{"ts":"2025-09-13T17:37:49.245Z","type":"INFO","message":"Position fully closed","data":{"pair":"btc_jpy"}}
{"ts":"2025-09-13T17:37:49.254Z","type":"SIGNAL","message":"fill_match_method=heuristic requestId=r2"}
{"ts":"2025-09-13T17:37:49.255Z","type":"ERROR","message":"Order missing from active list; marking CANCELLED","data":{"requestId":"r2","orderId":999,"filledAmt":0}}
{"ts":"2025-09-13T17:37:50.334Z","type":"INFO","message":"Position fully closed","data":{"pair":"btc_jpy"}}
{"ts":"2025-09-13T20:42:21.164Z","type":"SIGNAL","message":"[SUBMIT]","data":{"requestId":"1757796141163-yv1w1x","orderId":"ORDER1","side":"SELL","price":100,"amount":0.1}}
{"ts":"2025-09-13T20:42:21.167Z","type":"SIGNAL","message":"[POLL0]","data":{"orderId":"ORDER1","openCount":1,"openAmtById":0.1,"histQtyById":0.02}}
{"ts":"2025-09-13T20:42:21.226Z","type":"SIGNAL","message":"[SIGNAL][mode=BUY] BUY entry condition met"}
{"ts":"2025-09-13T20:42:21.232Z","type":"SIGNAL","message":"[SUBMIT]","data":{"requestId":"1757796141163-yv1w1x","orderId":"ORDER2","improved":true,"price":99.9,"amount":0.1}}
{"ts":"2025-09-13T20:42:21.234Z","type":"SIGNAL","message":"[POLL0]","data":{"orderId":"ORDER2","openCount":0,"openAmtById":null,"histQtyById":0.1}}
{"ts":"2025-09-13T20:42:22.067Z","type":"INFO","message":"Position fully closed","data":{"pair":"btc_jpy"}}
{"ts":"2025-09-13T20:42:22.092Z","type":"SIGNAL","message":"fill_match_method=order_id requestId=r"}
{"ts":"2025-09-13T20:42:22.093Z","type":"EXECUTION","message":"Order filled","data":{"requestId":"r","orderId":123,"filledAmt":0.1,"avg":100}}
{"ts":"2025-09-13T20:42:22.095Z","type":"INFO","message":"Position fully closed","data":{"pair":"btc_jpy"}}
{"ts":"2025-09-13T20:42:22.105Z","type":"SIGNAL","message":"fill_match_method=heuristic requestId=r2"}
{"ts":"2025-09-13T20:42:22.106Z","type":"ERROR","message":"Order missing from active list; marking CANCELLED","data":{"requestId":"r2","orderId":999,"filledAmt":0}}
{"ts":"2025-09-13T20:42:22.119Z","type":"SIGNAL","message":"fill_match_method=heuristic requestId=r3"}
{"ts":"2025-09-13T20:42:22.122Z","type":"ERROR","message":"Order missing from active list; marking CANCELLED","data":{"requestId":"r3","orderId":555,"filledAmt":0}}
{"ts":"2025-09-13T20:42:25.469Z","type":"INFO","message":"Position fully closed","data":{"pair":"btc_jpy"}}
{"ts":"2025-09-13T20:46:18.481Z","type":"SIGNAL","message":"[SUBMIT]","data":{"requestId":"1757796378480-60q7bc","orderId":"ORDER1","side":"SELL","price":100,"amount":0.1}}
{"ts":"2025-09-13T20:46:18.483Z","type":"SIGNAL","message":"[POLL0]","data":{"orderId":"ORDER1","openCount":1,"openAmtById":0.1,"histQtyById":0.02}}
{"ts":"2025-09-13T20:46:18.491Z","type":"SIGNAL","message":"[SIGNAL][mode=BUY] BUY entry condition met"}
{"ts":"2025-09-13T20:46:18.556Z","type":"SIGNAL","message":"[SUBMIT]","data":{"requestId":"1757796378480-60q7bc","orderId":"ORDER2","improved":true,"price":99.9,"amount":0.1}}
{"ts":"2025-09-13T20:46:18.557Z","type":"SIGNAL","message":"[POLL0]","data":{"orderId":"ORDER2","openCount":0,"openAmtById":null,"histQtyById":0.1}}
{"ts":"2025-09-13T20:46:19.132Z","type":"INFO","message":"Position fully closed","data":{"pair":"btc_jpy"}}
{"ts":"2025-09-13T20:46:19.159Z","type":"SIGNAL","message":"fill_match_method=order_id requestId=r"}
{"ts":"2025-09-13T20:46:19.160Z","type":"EXECUTION","message":"Order filled","data":{"requestId":"r","orderId":123,"filledAmt":0.1,"avg":100}}
{"ts":"2025-09-13T20:46:19.161Z","type":"INFO","message":"Position fully closed","data":{"pair":"btc_jpy"}}
{"ts":"2025-09-13T20:46:19.173Z","type":"SIGNAL","message":"fill_match_method=heuristic requestId=r2"}
{"ts":"2025-09-13T20:46:19.174Z","type":"ERROR","message":"Order missing from active list; marking CANCELLED","data":{"requestId":"r2","orderId":999,"filledAmt":0}}
{"ts":"2025-09-13T20:46:19.179Z","type":"SIGNAL","message":"fill_match_method=heuristic requestId=r3"}
{"ts":"2025-09-13T20:46:19.180Z","type":"ERROR","message":"Order missing from active list; marking CANCELLED","data":{"requestId":"r3","orderId":555,"filledAmt":0}}
{"ts":"2025-09-13T20:46:21.623Z","type":"INFO","message":"Position fully closed","data":{"pair":"btc_jpy"}}
{"ts":"2025-09-13T20:48:04.310Z","type":"SIGNAL","message":"[SUBMIT]","data":{"requestId":"1757796484310-s7f88f","orderId":"ORDER1","side":"SELL","price":100,"amount":0.1}}
{"ts":"2025-09-13T20:48:04.313Z","type":"SIGNAL","message":"[POLL0]","data":{"orderId":"ORDER1","openCount":1,"openAmtById":0.1,"histQtyById":0.02}}
{"ts":"2025-09-13T20:48:04.375Z","type":"SIGNAL","message":"[SUBMIT]","data":{"requestId":"1757796484310-s7f88f","orderId":"ORDER2","improved":true,"price":99.9,"amount":0.1}}
{"ts":"2025-09-13T20:48:04.376Z","type":"SIGNAL","message":"[POLL0]","data":{"orderId":"ORDER2","openCount":0,"openAmtById":null,"histQtyById":0.1}}
{"ts":"2025-09-13T20:48:04.424Z","type":"SIGNAL","message":"[SIGNAL][mode=BUY] BUY entry condition met"}
{"ts":"2025-09-13T20:48:05.126Z","type":"INFO","message":"Position fully closed","data":{"pair":"btc_jpy"}}
{"ts":"2025-09-13T20:48:05.229Z","type":"SIGNAL","message":"fill_match_method=order_id requestId=r"}
{"ts":"2025-09-13T20:48:05.232Z","type":"EXECUTION","message":"Order filled","data":{"requestId":"r","orderId":123,"filledAmt":0.1,"avg":100}}
{"ts":"2025-09-13T20:48:05.242Z","type":"INFO","message":"Position fully closed","data":{"pair":"btc_jpy"}}
{"ts":"2025-09-13T20:48:05.259Z","type":"SIGNAL","message":"fill_match_method=heuristic requestId=r2"}
{"ts":"2025-09-13T20:48:05.260Z","type":"ERROR","message":"Order missing from active list; marking CANCELLED","data":{"requestId":"r2","orderId":999,"filledAmt":0}}
{"ts":"2025-09-13T20:48:05.265Z","type":"SIGNAL","message":"fill_match_method=heuristic requestId=r3"}
{"ts":"2025-09-13T20:48:05.266Z","type":"ERROR","message":"Order missing from active list; marking CANCELLED","data":{"requestId":"r3","orderId":555,"filledAmt":0}}
{"ts":"2025-09-13T20:48:07.246Z","type":"INFO","message":"Position fully closed","data":{"pair":"btc_jpy"}}
{"ts":"2025-09-13T20:50:13.179Z","type":"SIGNAL","message":"[SUBMIT]","data":{"requestId":"1757796613178-cwbeku","orderId":"ORDER1","side":"SELL","price":100,"amount":0.1}}
{"ts":"2025-09-13T20:50:13.181Z","type":"SIGNAL","message":"[POLL0]","data":{"orderId":"ORDER1","openCount":1,"openAmtById":0.1,"histQtyById":0.02}}
{"ts":"2025-09-13T20:50:13.256Z","type":"SIGNAL","message":"[SUBMIT]","data":{"requestId":"1757796613178-cwbeku","orderId":"ORDER2","improved":true,"price":99.9,"amount":0.1}}
{"ts":"2025-09-13T20:50:13.258Z","type":"SIGNAL","message":"[POLL0]","data":{"orderId":"ORDER2","openCount":0,"openAmtById":null,"histQtyById":0.1}}
{"ts":"2025-09-13T20:50:13.337Z","type":"SIGNAL","message":"[SIGNAL][mode=BUY] BUY entry condition met"}
{"ts":"2025-09-13T20:50:13.840Z","type":"INFO","message":"Position fully closed","data":{"pair":"btc_jpy"}}
{"ts":"2025-09-13T20:50:13.870Z","type":"SIGNAL","message":"fill_match_method=order_id requestId=r"}
{"ts":"2025-09-13T20:50:13.871Z","type":"EXECUTION","message":"Order filled","data":{"requestId":"r","orderId":123,"filledAmt":0.1,"avg":100}}
{"ts":"2025-09-13T20:50:13.873Z","type":"INFO","message":"Position fully closed","data":{"pair":"btc_jpy"}}
{"ts":"2025-09-13T20:50:13.881Z","type":"SIGNAL","message":"fill_match_method=heuristic requestId=r2"}
{"ts":"2025-09-13T20:50:13.883Z","type":"ERROR","message":"Order missing from active list; marking CANCELLED","data":{"requestId":"r2","orderId":999,"filledAmt":0}}
{"ts":"2025-09-13T20:50:13.893Z","type":"SIGNAL","message":"fill_match_method=heuristic requestId=r3"}
{"ts":"2025-09-13T20:50:13.895Z","type":"ERROR","message":"Order missing from active list; marking CANCELLED","data":{"requestId":"r3","orderId":555,"filledAmt":0}}
{"ts":"2025-09-13T20:50:15.856Z","type":"INFO","message":"Position fully closed","data":{"pair":"btc_jpy"}}
{"ts":"2025-09-13T21:09:18.401Z","type":"SIGNAL","message":"[SUBMIT]","data":{"requestId":"1757797758400-0opv2h","orderId":"ORDER1","side":"SELL","price":100,"amount":0.1}}
{"ts":"2025-09-13T21:09:18.405Z","type":"SIGNAL","message":"[POLL0]","data":{"orderId":"ORDER1","openCount":1,"openAmtById":0.1,"histQtyById":0.02}}
{"ts":"2025-09-13T21:09:18.441Z","type":"SIGNAL","message":"[SIGNAL][mode=BUY] BUY entry condition met"}
{"ts":"2025-09-13T21:09:18.466Z","type":"SIGNAL","message":"[SUBMIT]","data":{"requestId":"1757797758400-0opv2h","orderId":"ORDER2","improved":true,"price":99.9,"amount":0.1}}
{"ts":"2025-09-13T21:09:18.467Z","type":"SIGNAL","message":"[POLL0]","data":{"orderId":"ORDER2","openCount":0,"openAmtById":null,"histQtyById":0.1}}
{"ts":"2025-09-13T21:09:18.939Z","type":"INFO","message":"Position fully closed","data":{"pair":"btc_jpy"}}
{"ts":"2025-09-13T21:09:18.966Z","type":"SIGNAL","message":"fill_match_method=order_id requestId=r"}
{"ts":"2025-09-13T21:09:18.967Z","type":"EXECUTION","message":"Order filled","data":{"requestId":"r","orderId":123,"filledAmt":0.1,"avg":100}}
{"ts":"2025-09-13T21:09:18.968Z","type":"INFO","message":"Position fully closed","data":{"pair":"btc_jpy"}}
{"ts":"2025-09-13T21:09:18.977Z","type":"SIGNAL","message":"fill_match_method=heuristic requestId=r2"}
{"ts":"2025-09-13T21:09:18.978Z","type":"ERROR","message":"Order missing from active list; marking CANCELLED","data":{"requestId":"r2","orderId":999,"filledAmt":0}}
{"ts":"2025-09-13T21:09:18.982Z","type":"SIGNAL","message":"fill_match_method=heuristic requestId=r3"}
{"ts":"2025-09-13T21:09:18.982Z","type":"ERROR","message":"Order missing from active list; marking CANCELLED","data":{"requestId":"r3","orderId":555,"filledAmt":0}}
{"ts":"2025-09-13T21:09:21.268Z","type":"INFO","message":"Position fully closed","data":{"pair":"btc_jpy"}}
{"ts":"2025-09-13T21:10:58.714Z","type":"SIGNAL","message":"[SIGNAL][mode=BUY] BUY entry condition met"}
{"ts":"2025-09-13T21:12:03.088Z","type":"SIGNAL","message":"[SIGNAL][mode=BUY] BUY entry condition met"}
{"ts":"2025-09-13T21:12:18.994Z","type":"SIGNAL","message":"[SUBMIT]","data":{"requestId":"1757797938993-s67dgy","orderId":"ORDER1","side":"SELL","price":100,"amount":0.1}}
{"ts":"2025-09-13T21:12:18.996Z","type":"SIGNAL","message":"[POLL0]","data":{"orderId":"ORDER1","openCount":1,"openAmtById":0.1,"histQtyById":0.02}}
{"ts":"2025-09-13T21:12:19.021Z","type":"SIGNAL","message":"[SIGNAL][mode=BUY] BUY entry condition met"}
{"ts":"2025-09-13T21:12:19.062Z","type":"SIGNAL","message":"[SUBMIT]","data":{"requestId":"1757797938993-s67dgy","orderId":"ORDER2","improved":true,"price":99.9,"amount":0.1}}
{"ts":"2025-09-13T21:12:19.064Z","type":"SIGNAL","message":"[POLL0]","data":{"orderId":"ORDER2","openCount":0,"openAmtById":null,"histQtyById":0.1}}
{"ts":"2025-09-13T21:12:19.471Z","type":"INFO","message":"Position fully closed","data":{"pair":"btc_jpy"}}
{"ts":"2025-09-13T21:12:19.509Z","type":"SIGNAL","message":"fill_match_method=order_id requestId=r"}
{"ts":"2025-09-13T21:12:19.510Z","type":"EXECUTION","message":"Order filled","data":{"requestId":"r","orderId":123,"filledAmt":0.1,"avg":100}}
{"ts":"2025-09-13T21:12:19.512Z","type":"INFO","message":"Position fully closed","data":{"pair":"btc_jpy"}}
{"ts":"2025-09-13T21:12:19.521Z","type":"SIGNAL","message":"fill_match_method=heuristic requestId=r2"}
{"ts":"2025-09-13T21:12:19.522Z","type":"ERROR","message":"Order missing from active list; marking CANCELLED","data":{"requestId":"r2","orderId":999,"filledAmt":0}}
{"ts":"2025-09-13T21:12:19.526Z","type":"SIGNAL","message":"fill_match_method=heuristic requestId=r3"}
{"ts":"2025-09-13T21:12:19.527Z","type":"ERROR","message":"Order missing from active list; marking CANCELLED","data":{"requestId":"r3","orderId":555,"filledAmt":0}}
{"ts":"2025-09-13T21:12:21.908Z","type":"INFO","message":"Position fully closed","data":{"pair":"btc_jpy"}}
{"ts":"2025-09-13T21:23:45.226Z","type":"SIGNAL","message":"[SUBMIT]","data":{"requestId":"1757798625225-e6gwh4","orderId":"ORDER1","side":"SELL","price":100,"amount":0.1}}
{"ts":"2025-09-13T21:23:45.228Z","type":"SIGNAL","message":"[POLL0]","data":{"orderId":"ORDER1","openCount":1,"openAmtById":0.1,"histQtyById":0.02}}
{"ts":"2025-09-13T21:23:45.264Z","type":"SIGNAL","message":"[SIGNAL][mode=BUY] BUY entry condition met"}
{"ts":"2025-09-13T21:23:45.292Z","type":"SIGNAL","message":"[SUBMIT]","data":{"requestId":"1757798625225-e6gwh4","orderId":"ORDER2","improved":true,"price":99.9,"amount":0.1}}
{"ts":"2025-09-13T21:23:45.293Z","type":"SIGNAL","message":"[POLL0]","data":{"orderId":"ORDER2","openCount":0,"openAmtById":null,"histQtyById":0.1}}
{"ts":"2025-09-13T21:23:46.261Z","type":"INFO","message":"Position fully closed","data":{"pair":"btc_jpy"}}
{"ts":"2025-09-13T21:23:46.295Z","type":"SIGNAL","message":"fill_match_method=order_id requestId=r"}
{"ts":"2025-09-13T21:23:46.296Z","type":"EXECUTION","message":"Order filled","data":{"requestId":"r","orderId":123,"filledAmt":0.1,"avg":100}}
{"ts":"2025-09-13T21:23:46.297Z","type":"INFO","message":"Position fully closed","data":{"pair":"btc_jpy"}}
{"ts":"2025-09-13T21:23:46.308Z","type":"SIGNAL","message":"fill_match_method=heuristic requestId=r2"}
{"ts":"2025-09-13T21:23:46.309Z","type":"ERROR","message":"Order missing from active list; marking CANCELLED","data":{"requestId":"r2","orderId":999,"filledAmt":0}}
{"ts":"2025-09-13T21:23:46.322Z","type":"SIGNAL","message":"fill_match_method=heuristic requestId=r3"}
{"ts":"2025-09-13T21:23:46.323Z","type":"ERROR","message":"Order missing from active list; marking CANCELLED","data":{"requestId":"r3","orderId":555,"filledAmt":0}}
{"ts":"2025-09-13T21:23:48.559Z","type":"INFO","message":"Position fully closed","data":{"pair":"btc_jpy"}}
{"ts":"2025-09-13T21:34:17.143Z","type":"SIGNAL","message":"[SUBMIT]","data":{"requestId":"1757799257143-d7kq4n","orderId":"ORDER1","side":"SELL","price":100,"amount":0.1}}
{"ts":"2025-09-13T21:34:17.146Z","type":"SIGNAL","message":"[POLL0]","data":{"orderId":"ORDER1","openCount":1,"openAmtById":0.1,"histQtyById":0.02}}
{"ts":"2025-09-13T21:34:17.195Z","type":"SIGNAL","message":"[SIGNAL][mode=BUY] BUY entry condition met"}
{"ts":"2025-09-13T21:34:17.215Z","type":"SIGNAL","message":"[SUBMIT]","data":{"requestId":"1757799257143-d7kq4n","orderId":"ORDER2","improved":true,"price":99.9,"amount":0.1}}
{"ts":"2025-09-13T21:34:17.216Z","type":"SIGNAL","message":"[POLL0]","data":{"orderId":"ORDER2","openCount":0,"openAmtById":null,"histQtyById":0.1}}
{"ts":"2025-09-13T21:34:18.597Z","type":"INFO","message":"Position fully closed","data":{"pair":"btc_jpy"}}
{"ts":"2025-09-13T21:34:18.626Z","type":"SIGNAL","message":"fill_match_method=order_id requestId=r"}
{"ts":"2025-09-13T21:34:18.627Z","type":"EXECUTION","message":"Order filled","data":{"requestId":"r","orderId":123,"filledAmt":0.1,"avg":100}}
{"ts":"2025-09-13T21:34:18.629Z","type":"INFO","message":"Position fully closed","data":{"pair":"btc_jpy"}}
{"ts":"2025-09-13T21:34:18.639Z","type":"SIGNAL","message":"fill_match_method=heuristic requestId=r2"}
{"ts":"2025-09-13T21:34:18.640Z","type":"ERROR","message":"Order missing from active list; marking CANCELLED","data":{"requestId":"r2","orderId":999,"filledAmt":0}}
{"ts":"2025-09-13T21:34:18.645Z","type":"SIGNAL","message":"fill_match_method=heuristic requestId=r3"}
{"ts":"2025-09-13T21:34:18.646Z","type":"ERROR","message":"Order missing from active list; marking CANCELLED","data":{"requestId":"r3","orderId":555,"filledAmt":0}}
{"ts":"2025-09-13T21:34:20.662Z","type":"INFO","message":"Position fully closed","data":{"pair":"btc_jpy"}}
{"ts":"2025-09-13T21:35:09.648Z","type":"SIGNAL","message":"[SUBMIT]","data":{"requestId":"1757799309648-xdo0yw","orderId":"ORDER1","side":"SELL","price":100,"amount":0.1}}
{"ts":"2025-09-13T21:35:09.650Z","type":"SIGNAL","message":"[POLL0]","data":{"orderId":"ORDER1","openCount":1,"openAmtById":0.1,"histQtyById":0.02}}
{"ts":"2025-09-13T21:35:09.737Z","type":"SIGNAL","message":"[SUBMIT]","data":{"requestId":"1757799309648-xdo0yw","orderId":"ORDER2","improved":true,"price":99.9,"amount":0.1}}
{"ts":"2025-09-13T21:35:09.739Z","type":"SIGNAL","message":"[POLL0]","data":{"orderId":"ORDER2","openCount":0,"openAmtById":null,"histQtyById":0.1}}
{"ts":"2025-09-13T21:35:09.773Z","type":"SIGNAL","message":"[SIGNAL][mode=BUY] BUY entry condition met"}
{"ts":"2025-09-13T21:35:10.113Z","type":"INFO","message":"Position fully closed","data":{"pair":"btc_jpy"}}
{"ts":"2025-09-13T21:35:10.143Z","type":"SIGNAL","message":"fill_match_method=order_id requestId=r"}
{"ts":"2025-09-13T21:35:10.144Z","type":"EXECUTION","message":"Order filled","data":{"requestId":"r","orderId":123,"filledAmt":0.1,"avg":100}}
{"ts":"2025-09-13T21:35:10.145Z","type":"INFO","message":"Position fully closed","data":{"pair":"btc_jpy"}}
{"ts":"2025-09-13T21:35:10.154Z","type":"SIGNAL","message":"fill_match_method=heuristic requestId=r2"}
{"ts":"2025-09-13T21:35:10.155Z","type":"ERROR","message":"Order missing from active list; marking CANCELLED","data":{"requestId":"r2","orderId":999,"filledAmt":0}}
{"ts":"2025-09-13T21:35:10.160Z","type":"SIGNAL","message":"fill_match_method=heuristic requestId=r3"}
{"ts":"2025-09-13T21:35:10.161Z","type":"ERROR","message":"Order missing from active list; marking CANCELLED","data":{"requestId":"r3","orderId":555,"filledAmt":0}}
{"ts":"2025-09-13T21:35:12.590Z","type":"INFO","message":"Position fully closed","data":{"pair":"btc_jpy"}}
{"ts":"2025-09-13T21:40:27.381Z","type":"SIGNAL","message":"[SUBMIT]","data":{"requestId":"1757799627381-54jpbf","orderId":"ORDER1","side":"SELL","price":100,"amount":0.1}}
{"ts":"2025-09-13T21:40:27.383Z","type":"SIGNAL","message":"[POLL0]","data":{"orderId":"ORDER1","openCount":1,"openAmtById":0.1,"histQtyById":0.02}}
{"ts":"2025-09-13T21:40:27.449Z","type":"SIGNAL","message":"[SUBMIT]","data":{"requestId":"1757799627381-54jpbf","orderId":"ORDER2","improved":true,"price":99.9,"amount":0.1}}
{"ts":"2025-09-13T21:40:27.450Z","type":"SIGNAL","message":"[POLL0]","data":{"orderId":"ORDER2","openCount":0,"openAmtById":null,"histQtyById":0.1}}
{"ts":"2025-09-13T21:40:27.595Z","type":"SIGNAL","message":"[SIGNAL][mode=BUY] BUY entry condition met"}
{"ts":"2025-09-13T21:40:27.705Z","type":"INFO","message":"Position fully closed","data":{"pair":"btc_jpy"}}
{"ts":"2025-09-13T21:40:27.731Z","type":"SIGNAL","message":"fill_match_method=order_id requestId=r"}
{"ts":"2025-09-13T21:40:27.732Z","type":"EXECUTION","message":"Order filled","data":{"requestId":"r","orderId":123,"filledAmt":0.1,"avg":100}}
{"ts":"2025-09-13T21:40:27.734Z","type":"INFO","message":"Position fully closed","data":{"pair":"btc_jpy"}}
{"ts":"2025-09-13T21:40:27.743Z","type":"SIGNAL","message":"fill_match_method=heuristic requestId=r2"}
{"ts":"2025-09-13T21:40:27.744Z","type":"ERROR","message":"Order missing from active list; marking CANCELLED","data":{"requestId":"r2","orderId":999,"filledAmt":0}}
{"ts":"2025-09-13T21:40:27.748Z","type":"SIGNAL","message":"fill_match_method=heuristic requestId=r3"}
{"ts":"2025-09-13T21:40:27.749Z","type":"ERROR","message":"Order missing from active list; marking CANCELLED","data":{"requestId":"r3","orderId":555,"filledAmt":0}}
{"ts":"2025-09-13T21:40:30.282Z","type":"INFO","message":"Position fully closed","data":{"pair":"btc_jpy"}}
{"ts":"2025-09-13T21:41:11.359Z","type":"SIGNAL","message":"[SUBMIT]","data":{"requestId":"1757799671359-fkvac5","orderId":"ORDER1","side":"SELL","price":100,"amount":0.1}}
{"ts":"2025-09-13T21:41:11.362Z","type":"SIGNAL","message":"[POLL0]","data":{"orderId":"ORDER1","openCount":1,"openAmtById":0.1,"histQtyById":0.02}}
{"ts":"2025-09-13T21:41:11.431Z","type":"SIGNAL","message":"[SUBMIT]","data":{"requestId":"1757799671359-fkvac5","orderId":"ORDER2","improved":true,"price":99.9,"amount":0.1}}
{"ts":"2025-09-13T21:41:11.432Z","type":"SIGNAL","message":"[POLL0]","data":{"orderId":"ORDER2","openCount":0,"openAmtById":null,"histQtyById":0.1}}
{"ts":"2025-09-13T21:41:11.453Z","type":"SIGNAL","message":"[SIGNAL][mode=BUY] BUY entry condition met"}
{"ts":"2025-09-13T21:41:12.752Z","type":"INFO","message":"Position fully closed","data":{"pair":"btc_jpy"}}
{"ts":"2025-09-13T21:41:12.791Z","type":"SIGNAL","message":"fill_match_method=order_id requestId=r"}
{"ts":"2025-09-13T21:41:12.793Z","type":"EXECUTION","message":"Order filled","data":{"requestId":"r","orderId":123,"filledAmt":0.1,"avg":100}}
{"ts":"2025-09-13T21:41:12.795Z","type":"INFO","message":"Position fully closed","data":{"pair":"btc_jpy"}}
{"ts":"2025-09-13T21:41:12.810Z","type":"SIGNAL","message":"fill_match_method=heuristic requestId=r2"}
{"ts":"2025-09-13T21:41:12.811Z","type":"ERROR","message":"Order missing from active list; marking CANCELLED","data":{"requestId":"r2","orderId":999,"filledAmt":0}}
{"ts":"2025-09-13T21:41:12.815Z","type":"SIGNAL","message":"fill_match_method=heuristic requestId=r3"}
{"ts":"2025-09-13T21:41:12.817Z","type":"ERROR","message":"Order missing from active list; marking CANCELLED","data":{"requestId":"r3","orderId":555,"filledAmt":0}}
{"ts":"2025-09-13T21:41:14.703Z","type":"INFO","message":"Position fully closed","data":{"pair":"btc_jpy"}}
{"ts":"2025-09-13T21:43:31.215Z","type":"SIGNAL","message":"[SUBMIT]","data":{"requestId":"1757799811214-5sgugd","orderId":"ORDER1","side":"SELL","price":100,"amount":0.1}}
{"ts":"2025-09-13T21:43:31.217Z","type":"SIGNAL","message":"[POLL0]","data":{"orderId":"ORDER1","openCount":1,"openAmtById":0.1,"histQtyById":0.02}}
{"ts":"2025-09-13T21:43:31.278Z","type":"SIGNAL","message":"[SIGNAL][mode=BUY] BUY entry condition met"}
{"ts":"2025-09-13T21:43:31.287Z","type":"SIGNAL","message":"[SUBMIT]","data":{"requestId":"1757799811214-5sgugd","orderId":"ORDER2","improved":true,"price":99.9,"amount":0.1}}
{"ts":"2025-09-13T21:43:31.288Z","type":"SIGNAL","message":"[POLL0]","data":{"orderId":"ORDER2","openCount":0,"openAmtById":null,"histQtyById":0.1}}
{"ts":"2025-09-13T21:43:32.855Z","type":"INFO","message":"Position fully closed","data":{"pair":"btc_jpy"}}
{"ts":"2025-09-13T21:43:32.886Z","type":"SIGNAL","message":"fill_match_method=order_id requestId=r"}
{"ts":"2025-09-13T21:43:32.887Z","type":"EXECUTION","message":"Order filled","data":{"requestId":"r","orderId":123,"filledAmt":0.1,"avg":100}}
{"ts":"2025-09-13T21:43:32.889Z","type":"INFO","message":"Position fully closed","data":{"pair":"btc_jpy"}}
{"ts":"2025-09-13T21:43:32.901Z","type":"SIGNAL","message":"fill_match_method=heuristic requestId=r2"}
{"ts":"2025-09-13T21:43:32.902Z","type":"ERROR","message":"Order missing from active list; marking CANCELLED","data":{"requestId":"r2","orderId":999,"filledAmt":0}}
{"ts":"2025-09-13T21:43:32.909Z","type":"SIGNAL","message":"fill_match_method=heuristic requestId=r3"}
{"ts":"2025-09-13T21:43:32.911Z","type":"ERROR","message":"Order missing from active list; marking CANCELLED","data":{"requestId":"r3","orderId":555,"filledAmt":0}}
{"ts":"2025-09-13T21:43:34.972Z","type":"INFO","message":"Position fully closed","data":{"pair":"btc_jpy"}}
{"ts":"2025-09-13T21:44:33.664Z","type":"SIGNAL","message":"[SUBMIT]","data":{"requestId":"1757799873663-fbril7","orderId":"ORDER1","side":"SELL","price":100,"amount":0.1}}
{"ts":"2025-09-13T21:44:33.670Z","type":"SIGNAL","message":"[POLL0]","data":{"orderId":"ORDER1","openCount":1,"openAmtById":0.1,"histQtyById":0.02}}
{"ts":"2025-09-13T21:44:33.735Z","type":"SIGNAL","message":"[SUBMIT]","data":{"requestId":"1757799873663-fbril7","orderId":"ORDER2","improved":true,"price":99.9,"amount":0.1}}
{"ts":"2025-09-13T21:44:33.736Z","type":"SIGNAL","message":"[POLL0]","data":{"orderId":"ORDER2","openCount":0,"openAmtById":null,"histQtyById":0.1}}
{"ts":"2025-09-13T21:44:34.010Z","type":"SIGNAL","message":"[SIGNAL][mode=BUY] BUY entry condition met"}
{"ts":"2025-09-13T21:44:34.358Z","type":"INFO","message":"Position fully closed","data":{"pair":"btc_jpy"}}
{"ts":"2025-09-13T21:44:34.393Z","type":"SIGNAL","message":"fill_match_method=order_id requestId=r"}
{"ts":"2025-09-13T21:44:34.394Z","type":"EXECUTION","message":"Order filled","data":{"requestId":"r","orderId":123,"filledAmt":0.1,"avg":100}}
{"ts":"2025-09-13T21:44:34.396Z","type":"INFO","message":"Position fully closed","data":{"pair":"btc_jpy"}}
{"ts":"2025-09-13T21:44:34.405Z","type":"SIGNAL","message":"fill_match_method=heuristic requestId=r2"}
{"ts":"2025-09-13T21:44:34.406Z","type":"ERROR","message":"Order missing from active list; marking CANCELLED","data":{"requestId":"r2","orderId":999,"filledAmt":0}}
{"ts":"2025-09-13T21:44:34.410Z","type":"SIGNAL","message":"fill_match_method=heuristic requestId=r3"}
{"ts":"2025-09-13T21:44:34.411Z","type":"ERROR","message":"Order missing from active list; marking CANCELLED","data":{"requestId":"r3","orderId":555,"filledAmt":0}}
{"ts":"2025-09-13T21:44:37.342Z","type":"INFO","message":"Position fully closed","data":{"pair":"btc_jpy"}}
{"ts":"2025-09-13T22:09:27.481Z","type":"SIGNAL","message":"[SUBMIT]","data":{"requestId":"1757801367480-tin59i","orderId":"ORDER1","side":"SELL","price":100,"amount":0.1}}
{"ts":"2025-09-13T22:09:27.483Z","type":"SIGNAL","message":"[POLL0]","data":{"orderId":"ORDER1","openCount":1,"openAmtById":0.1,"histQtyById":0.02}}
{"ts":"2025-09-13T22:09:27.547Z","type":"SIGNAL","message":"[SUBMIT]","data":{"requestId":"1757801367480-tin59i","orderId":"ORDER2","improved":true,"price":99.9,"amount":0.1}}
{"ts":"2025-09-13T22:09:27.548Z","type":"SIGNAL","message":"[POLL0]","data":{"orderId":"ORDER2","openCount":0,"openAmtById":null,"histQtyById":0.1}}
{"ts":"2025-09-13T22:09:27.624Z","type":"SIGNAL","message":"[SIGNAL][mode=BUY] BUY entry condition met"}
{"ts":"2025-09-13T22:09:28.222Z","type":"INFO","message":"Position fully closed","data":{"pair":"btc_jpy"}}
{"ts":"2025-09-13T22:09:28.253Z","type":"SIGNAL","message":"fill_match_method=order_id requestId=r"}
{"ts":"2025-09-13T22:09:28.255Z","type":"EXECUTION","message":"Order filled","data":{"requestId":"r","orderId":123,"filledAmt":0.1,"avg":100}}
{"ts":"2025-09-13T22:09:28.256Z","type":"INFO","message":"Position fully closed","data":{"pair":"btc_jpy"}}
{"ts":"2025-09-13T22:09:28.265Z","type":"SIGNAL","message":"fill_match_method=heuristic requestId=r2"}
{"ts":"2025-09-13T22:09:28.267Z","type":"ERROR","message":"Order missing from active list; marking CANCELLED","data":{"requestId":"r2","orderId":999,"filledAmt":0}}
{"ts":"2025-09-13T22:09:28.275Z","type":"SIGNAL","message":"fill_match_method=heuristic requestId=r3"}
{"ts":"2025-09-13T22:09:28.275Z","type":"ERROR","message":"Order missing from active list; marking CANCELLED","data":{"requestId":"r3","orderId":555,"filledAmt":0}}
{"ts":"2025-09-13T22:09:31.515Z","type":"INFO","message":"Position fully closed","data":{"pair":"btc_jpy"}}
{"ts":"2025-09-13T22:45:24.190Z","type":"SIGNAL","message":"[SUBMIT]","data":{"requestId":"1757803524190-3edk77","orderId":"ORDER1","side":"SELL","price":100,"amount":0.1}}
{"ts":"2025-09-13T22:45:24.195Z","type":"SIGNAL","message":"[POLL0]","data":{"orderId":"ORDER1","openCount":1,"openAmtById":0.1,"histQtyById":0.02}}
{"ts":"2025-09-13T22:45:24.265Z","type":"SIGNAL","message":"[SUBMIT]","data":{"requestId":"1757803524190-3edk77","orderId":"ORDER2","improved":true,"price":99.9,"amount":0.1}}
{"ts":"2025-09-13T22:45:24.266Z","type":"SIGNAL","message":"[POLL0]","data":{"orderId":"ORDER2","openCount":0,"openAmtById":null,"histQtyById":0.1}}
{"ts":"2025-09-13T22:45:24.433Z","type":"SIGNAL","message":"[SIGNAL][mode=BUY] BUY entry condition met"}
{"ts":"2025-09-13T22:45:24.718Z","type":"INFO","message":"Position fully closed","data":{"pair":"btc_jpy"}}
{"ts":"2025-09-13T22:45:24.750Z","type":"SIGNAL","message":"fill_match_method=order_id requestId=r"}
{"ts":"2025-09-13T22:45:24.751Z","type":"EXECUTION","message":"Order filled","data":{"requestId":"r","orderId":123,"filledAmt":0.1,"avg":100}}
{"ts":"2025-09-13T22:45:24.753Z","type":"INFO","message":"Position fully closed","data":{"pair":"btc_jpy"}}
{"ts":"2025-09-13T22:45:24.767Z","type":"SIGNAL","message":"fill_match_method=heuristic requestId=r2"}
{"ts":"2025-09-13T22:45:24.768Z","type":"ERROR","message":"Order missing from active list; marking CANCELLED","data":{"requestId":"r2","orderId":999,"filledAmt":0}}
{"ts":"2025-09-13T22:45:24.773Z","type":"SIGNAL","message":"fill_match_method=heuristic requestId=r3"}
{"ts":"2025-09-13T22:45:24.778Z","type":"ERROR","message":"Order missing from active list; marking CANCELLED","data":{"requestId":"r3","orderId":555,"filledAmt":0}}
{"ts":"2025-09-13T22:45:29.181Z","type":"INFO","message":"Position fully closed","data":{"pair":"btc_jpy"}}
{"ts":"2025-09-13T22:46:45.318Z","type":"SIGNAL","message":"[SUBMIT]","data":{"requestId":"1757803605317-w3r203","orderId":"ORDER1","side":"SELL","price":100,"amount":0.1}}
{"ts":"2025-09-13T22:46:45.320Z","type":"SIGNAL","message":"[POLL0]","data":{"orderId":"ORDER1","openCount":1,"openAmtById":0.1,"histQtyById":0.02}}
{"ts":"2025-09-13T22:46:45.388Z","type":"SIGNAL","message":"[SUBMIT]","data":{"requestId":"1757803605317-w3r203","orderId":"ORDER2","improved":true,"price":99.9,"amount":0.1}}
{"ts":"2025-09-13T22:46:45.389Z","type":"SIGNAL","message":"[POLL0]","data":{"orderId":"ORDER2","openCount":0,"openAmtById":null,"histQtyById":0.1}}
{"ts":"2025-09-13T22:46:45.470Z","type":"SIGNAL","message":"[SIGNAL][mode=BUY] BUY entry condition met"}
{"ts":"2025-09-13T22:46:45.996Z","type":"INFO","message":"Position fully closed","data":{"pair":"btc_jpy"}}
{"ts":"2025-09-13T22:46:46.027Z","type":"SIGNAL","message":"fill_match_method=order_id requestId=r"}
{"ts":"2025-09-13T22:46:46.029Z","type":"EXECUTION","message":"Order filled","data":{"requestId":"r","orderId":123,"filledAmt":0.1,"avg":100}}
{"ts":"2025-09-13T22:46:46.031Z","type":"INFO","message":"Position fully closed","data":{"pair":"btc_jpy"}}
{"ts":"2025-09-13T22:46:46.040Z","type":"SIGNAL","message":"fill_match_method=heuristic requestId=r2"}
{"ts":"2025-09-13T22:46:46.041Z","type":"ERROR","message":"Order missing from active list; marking CANCELLED","data":{"requestId":"r2","orderId":999,"filledAmt":0}}
{"ts":"2025-09-13T22:46:46.048Z","type":"SIGNAL","message":"fill_match_method=heuristic requestId=r3"}
{"ts":"2025-09-13T22:46:46.049Z","type":"ERROR","message":"Order missing from active list; marking CANCELLED","data":{"requestId":"r3","orderId":555,"filledAmt":0}}
{"ts":"2025-09-13T22:46:49.990Z","type":"INFO","message":"Position fully closed","data":{"pair":"btc_jpy"}}
{"ts":"2025-09-13T22:58:04.655Z","type":"SIGNAL","message":"[SUBMIT]","data":{"requestId":"1757804284655-6jlm9b","orderId":"ORDER1","side":"SELL","price":100,"amount":0.1}}
{"ts":"2025-09-13T22:58:04.658Z","type":"SIGNAL","message":"[POLL0]","data":{"orderId":"ORDER1","openCount":1,"openAmtById":0.1,"histQtyById":0.02}}
{"ts":"2025-09-13T22:58:04.723Z","type":"SIGNAL","message":"[SUBMIT]","data":{"requestId":"1757804284655-6jlm9b","orderId":"ORDER2","improved":true,"price":99.9,"amount":0.1}}
{"ts":"2025-09-13T22:58:04.724Z","type":"SIGNAL","message":"[POLL0]","data":{"orderId":"ORDER2","openCount":0,"openAmtById":null,"histQtyById":0.1}}
{"ts":"2025-09-13T22:58:05.130Z","type":"SIGNAL","message":"[SIGNAL][mode=BUY] BUY entry condition met"}
{"ts":"2025-09-13T22:58:05.325Z","type":"INFO","message":"Position fully closed","data":{"pair":"btc_jpy"}}
{"ts":"2025-09-13T22:58:05.364Z","type":"SIGNAL","message":"fill_match_method=order_id requestId=r"}
{"ts":"2025-09-13T22:58:05.366Z","type":"EXECUTION","message":"Order filled","data":{"requestId":"r","orderId":123,"filledAmt":0.1,"avg":100}}
{"ts":"2025-09-13T22:58:05.367Z","type":"INFO","message":"Position fully closed","data":{"pair":"btc_jpy"}}
{"ts":"2025-09-13T22:58:05.377Z","type":"SIGNAL","message":"fill_match_method=heuristic requestId=r2"}
{"ts":"2025-09-13T22:58:05.378Z","type":"ERROR","message":"Order missing from active list; marking CANCELLED","data":{"requestId":"r2","orderId":999,"filledAmt":0}}
{"ts":"2025-09-13T22:58:05.383Z","type":"SIGNAL","message":"fill_match_method=heuristic requestId=r3"}
{"ts":"2025-09-13T22:58:05.384Z","type":"ERROR","message":"Order missing from active list; marking CANCELLED","data":{"requestId":"r3","orderId":555,"filledAmt":0}}
{"ts":"2025-09-13T22:58:08.958Z","type":"INFO","message":"Position fully closed","data":{"pair":"btc_jpy"}}
{"ts":"2025-09-13T22:58:54.329Z","type":"SIGNAL","message":"[SUBMIT]","data":{"requestId":"1757804334329-1hbvi7","orderId":"ORDER1","side":"SELL","price":100,"amount":0.1}}
{"ts":"2025-09-13T22:58:54.331Z","type":"SIGNAL","message":"[POLL0]","data":{"orderId":"ORDER1","openCount":1,"openAmtById":0.1,"histQtyById":0.02}}
{"ts":"2025-09-13T22:58:54.395Z","type":"SIGNAL","message":"[SUBMIT]","data":{"requestId":"1757804334329-1hbvi7","orderId":"ORDER2","improved":true,"price":99.9,"amount":0.1}}
{"ts":"2025-09-13T22:58:54.396Z","type":"SIGNAL","message":"[POLL0]","data":{"orderId":"ORDER2","openCount":0,"openAmtById":null,"histQtyById":0.1}}
{"ts":"2025-09-13T22:58:54.475Z","type":"SIGNAL","message":"[SIGNAL][mode=BUY] BUY entry condition met"}
{"ts":"2025-09-13T22:58:55.030Z","type":"INFO","message":"Position fully closed","data":{"pair":"btc_jpy"}}
{"ts":"2025-09-13T22:58:55.066Z","type":"SIGNAL","message":"fill_match_method=order_id requestId=r"}
{"ts":"2025-09-13T22:58:55.067Z","type":"EXECUTION","message":"Order filled","data":{"requestId":"r","orderId":123,"filledAmt":0.1,"avg":100}}
{"ts":"2025-09-13T22:58:55.069Z","type":"INFO","message":"Position fully closed","data":{"pair":"btc_jpy"}}
{"ts":"2025-09-13T22:58:55.081Z","type":"SIGNAL","message":"fill_match_method=heuristic requestId=r2"}
{"ts":"2025-09-13T22:58:55.083Z","type":"ERROR","message":"Order missing from active list; marking CANCELLED","data":{"requestId":"r2","orderId":999,"filledAmt":0}}
{"ts":"2025-09-13T22:58:55.088Z","type":"SIGNAL","message":"fill_match_method=heuristic requestId=r3"}
{"ts":"2025-09-13T22:58:55.089Z","type":"ERROR","message":"Order missing from active list; marking CANCELLED","data":{"requestId":"r3","orderId":555,"filledAmt":0}}
{"ts":"2025-09-13T22:58:58.875Z","type":"INFO","message":"Position fully closed","data":{"pair":"btc_jpy"}}
{"ts":"2025-09-13T23:01:44.114Z","type":"SIGNAL","message":"[SUBMIT]","data":{"requestId":"1757804504113-gus16l","orderId":"ORDER1","side":"SELL","price":100,"amount":0.1}}
{"ts":"2025-09-13T23:01:44.117Z","type":"SIGNAL","message":"[POLL0]","data":{"orderId":"ORDER1","openCount":1,"openAmtById":0.1,"histQtyById":0.02}}
{"ts":"2025-09-13T23:01:44.178Z","type":"SIGNAL","message":"[SIGNAL][mode=BUY] BUY entry condition met"}
{"ts":"2025-09-13T23:01:44.189Z","type":"SIGNAL","message":"[SUBMIT]","data":{"requestId":"1757804504113-gus16l","orderId":"ORDER2","improved":true,"price":99.9,"amount":0.1}}
{"ts":"2025-09-13T23:01:44.190Z","type":"SIGNAL","message":"[POLL0]","data":{"orderId":"ORDER2","openCount":0,"openAmtById":null,"histQtyById":0.1}}
{"ts":"2025-09-13T23:01:44.471Z","type":"INFO","message":"Position fully closed","data":{"pair":"btc_jpy"}}
{"ts":"2025-09-13T23:01:44.497Z","type":"SIGNAL","message":"fill_match_method=order_id requestId=r"}
{"ts":"2025-09-13T23:01:44.498Z","type":"EXECUTION","message":"Order filled","data":{"requestId":"r","orderId":123,"filledAmt":0.1,"avg":100}}
{"ts":"2025-09-13T23:01:44.500Z","type":"INFO","message":"Position fully closed","data":{"pair":"btc_jpy"}}
{"ts":"2025-09-13T23:01:44.509Z","type":"SIGNAL","message":"fill_match_method=heuristic requestId=r2"}
{"ts":"2025-09-13T23:01:44.510Z","type":"ERROR","message":"Order missing from active list; marking CANCELLED","data":{"requestId":"r2","orderId":999,"filledAmt":0}}
{"ts":"2025-09-13T23:01:44.522Z","type":"SIGNAL","message":"fill_match_method=heuristic requestId=r3"}
{"ts":"2025-09-13T23:01:44.524Z","type":"ERROR","message":"Order missing from active list; marking CANCELLED","data":{"requestId":"r3","orderId":555,"filledAmt":0}}
{"ts":"2025-09-13T23:01:49.057Z","type":"INFO","message":"Position fully closed","data":{"pair":"btc_jpy"}}
{"ts":"2025-09-13T23:49:24.051Z","type":"SIGNAL","message":"[SUBMIT]","data":{"requestId":"1757807364051-sok3v8","orderId":"ORDER1","side":"SELL","price":100,"amount":0.1}}
{"ts":"2025-09-13T23:49:24.054Z","type":"SIGNAL","message":"[POLL0]","data":{"orderId":"ORDER1","openCount":1,"openAmtById":0.1,"histQtyById":0.02}}
{"ts":"2025-09-13T23:49:24.128Z","type":"SIGNAL","message":"[SUBMIT]","data":{"requestId":"1757807364051-sok3v8","orderId":"ORDER2","improved":true,"price":99.9,"amount":0.1}}
{"ts":"2025-09-13T23:49:24.130Z","type":"SIGNAL","message":"[POLL0]","data":{"orderId":"ORDER2","openCount":0,"openAmtById":null,"histQtyById":0.1}}
{"ts":"2025-09-13T23:49:24.224Z","type":"SIGNAL","message":"[SIGNAL][mode=BUY] BUY entry condition met"}
{"ts":"2025-09-13T23:49:24.567Z","type":"INFO","message":"Position fully closed","data":{"pair":"btc_jpy"}}
{"ts":"2025-09-13T23:49:24.599Z","type":"SIGNAL","message":"fill_match_method=order_id requestId=r"}
{"ts":"2025-09-13T23:49:24.600Z","type":"EXECUTION","message":"Order filled","data":{"requestId":"r","orderId":123,"filledAmt":0.1,"avg":100}}
{"ts":"2025-09-13T23:49:24.601Z","type":"INFO","message":"Position fully closed","data":{"pair":"btc_jpy"}}
{"ts":"2025-09-13T23:49:24.613Z","type":"SIGNAL","message":"fill_match_method=heuristic requestId=r2"}
{"ts":"2025-09-13T23:49:24.618Z","type":"ERROR","message":"Order missing from active list; marking CANCELLED","data":{"requestId":"r2","orderId":999,"filledAmt":0}}
{"ts":"2025-09-13T23:49:24.622Z","type":"SIGNAL","message":"fill_match_method=heuristic requestId=r3"}
{"ts":"2025-09-13T23:49:24.623Z","type":"ERROR","message":"Order missing from active list; marking CANCELLED","data":{"requestId":"r3","orderId":555,"filledAmt":0}}
{"ts":"2025-09-13T23:49:28.786Z","type":"INFO","message":"Position fully closed","data":{"pair":"btc_jpy"}}
